<?xml version="1.0" encoding="UTF-8"?>
<testsuite name="regression1"
           tests="3"
           failures="0"
           errors="0"
           skipped="0"
           time="4.821">
  <properties />
  
  
            <testcase name="aChileanComingToTheUKForWorkAndPlansOnStayingForLongerThanSixMonths" time="2.319" classname="gov.uk.check.visa.testsuite.VisaConfirmationTest" />
                <testcase name="aColumbianNationalComingToTheUKToJoinAPartnerForALongStayTheyDoHaveAnArticle10Or20Card" time="1.499" classname="gov.uk.check.visa.testsuite.VisaConfirmationTest" />
                <testcase name="anAustralianComingToUKForTourism" time="1.003" classname="gov.uk.check.visa.testsuite.VisaConfirmationTest" />
      
</testsuite>
